2022-03-10 13:42:20,708 DEBUG    root            Loaded Command Group: ['gcloud', 'components']
2022-03-10 13:42:20,716 DEBUG    root            Loaded Command Group: ['gcloud', 'components', 'list']
2022-03-10 13:42:20,720 DEBUG    root            Running [gcloud.components.list] with arguments: [--quiet: "True"]
2022-03-10 13:42:20,749 DEBUG    urllib3.connectionpool Starting new HTTPS connection (1): dl.google.com:443
2022-03-10 13:42:20,864 DEBUG    urllib3.connectionpool https://dl.google.com:443 "GET /dl/cloudsdk/channels/rapid/components-2.json HTTP/1.1" 200 180433
2022-03-10 13:42:20,900 INFO     ___FILE_ONLY___ 
Your current Google Cloud CLI version is: 376.0.0

2022-03-10 13:42:20,900 INFO     ___FILE_ONLY___ The latest available version is: 376.0.0

2022-03-10 13:42:20,900 INFO     ___FILE_ONLY___ 

2022-03-10 13:42:20,901 INFO     root            Display format: "table[box,title="Components"](state.name:label=Status,name:label=Name,id:label=ID,size.size(zero="",min=1048576):label=Size:align=right)"
2022-03-10 13:42:20,908 INFO     ___FILE_ONLY___ ┌────────────────────────────────────────────────────────────────────────────────────────────────────────────┐
2022-03-10 13:42:20,909 INFO     ___FILE_ONLY___ 

2022-03-10 13:42:20,909 INFO     ___FILE_ONLY___ │                                                 Components                                                 │
2022-03-10 13:42:20,909 INFO     ___FILE_ONLY___ 

2022-03-10 13:42:20,909 INFO     ___FILE_ONLY___ ├───────────────┬──────────────────────────────────────────────────────┬──────────────────────────┬──────────┤
2022-03-10 13:42:20,909 INFO     ___FILE_ONLY___ 

2022-03-10 13:42:20,909 INFO     ___FILE_ONLY___ │     Status    │                         Name                         │            ID            │   Size   │
2022-03-10 13:42:20,909 INFO     ___FILE_ONLY___ 

2022-03-10 13:42:20,909 INFO     ___FILE_ONLY___ ├───────────────┼──────────────────────────────────────────────────────┼──────────────────────────┼──────────┤
2022-03-10 13:42:20,909 INFO     ___FILE_ONLY___ 

2022-03-10 13:42:20,909 INFO     ___FILE_ONLY___ │ 
2022-03-10 13:42:20,909 INFO     ___FILE_ONLY___ Not Installed
2022-03-10 13:42:20,909 INFO     ___FILE_ONLY___  
2022-03-10 13:42:20,909 INFO     ___FILE_ONLY___ │ 
2022-03-10 13:42:20,909 INFO     ___FILE_ONLY___ App Engine Go Extensions                            
2022-03-10 13:42:20,909 INFO     ___FILE_ONLY___  
2022-03-10 13:42:20,909 INFO     ___FILE_ONLY___ │ 
2022-03-10 13:42:20,909 INFO     ___FILE_ONLY___ app-engine-go           
2022-03-10 13:42:20,910 INFO     ___FILE_ONLY___  
2022-03-10 13:42:20,910 INFO     ___FILE_ONLY___ │ 
2022-03-10 13:42:20,910 INFO     ___FILE_ONLY___  4.2 MiB
2022-03-10 13:42:20,910 INFO     ___FILE_ONLY___  
2022-03-10 13:42:20,910 INFO     ___FILE_ONLY___ │
2022-03-10 13:42:20,910 INFO     ___FILE_ONLY___ 

2022-03-10 13:42:20,910 INFO     ___FILE_ONLY___ │ 
2022-03-10 13:42:20,910 INFO     ___FILE_ONLY___ Not Installed
2022-03-10 13:42:20,911 INFO     ___FILE_ONLY___  
2022-03-10 13:42:20,911 INFO     ___FILE_ONLY___ │ 
2022-03-10 13:42:20,911 INFO     ___FILE_ONLY___ Appctl                                              
2022-03-10 13:42:20,911 INFO     ___FILE_ONLY___  
2022-03-10 13:42:20,911 INFO     ___FILE_ONLY___ │ 
2022-03-10 13:42:20,911 INFO     ___FILE_ONLY___ appctl                  
2022-03-10 13:42:20,911 INFO     ___FILE_ONLY___  
2022-03-10 13:42:20,911 INFO     ___FILE_ONLY___ │ 
2022-03-10 13:42:20,911 INFO     ___FILE_ONLY___ 21.0 MiB
2022-03-10 13:42:20,911 INFO     ___FILE_ONLY___  
2022-03-10 13:42:20,911 INFO     ___FILE_ONLY___ │
2022-03-10 13:42:20,911 INFO     ___FILE_ONLY___ 

2022-03-10 13:42:20,911 INFO     ___FILE_ONLY___ │ 
2022-03-10 13:42:20,911 INFO     ___FILE_ONLY___ Not Installed
2022-03-10 13:42:20,911 INFO     ___FILE_ONLY___  
2022-03-10 13:42:20,911 INFO     ___FILE_ONLY___ │ 
2022-03-10 13:42:20,911 INFO     ___FILE_ONLY___ Bundled Python 3.8                                  
2022-03-10 13:42:20,911 INFO     ___FILE_ONLY___  
2022-03-10 13:42:20,911 INFO     ___FILE_ONLY___ │ 
2022-03-10 13:42:20,911 INFO     ___FILE_ONLY___ bundled-python3-unix    
2022-03-10 13:42:20,911 INFO     ___FILE_ONLY___  
2022-03-10 13:42:20,911 INFO     ___FILE_ONLY___ │ 
2022-03-10 13:42:20,911 INFO     ___FILE_ONLY___ 59.1 MiB
2022-03-10 13:42:20,911 INFO     ___FILE_ONLY___  
2022-03-10 13:42:20,911 INFO     ___FILE_ONLY___ │
2022-03-10 13:42:20,912 INFO     ___FILE_ONLY___ 

2022-03-10 13:42:20,912 INFO     ___FILE_ONLY___ │ 
2022-03-10 13:42:20,912 INFO     ___FILE_ONLY___ Not Installed
2022-03-10 13:42:20,912 INFO     ___FILE_ONLY___  
2022-03-10 13:42:20,912 INFO     ___FILE_ONLY___ │ 
2022-03-10 13:42:20,912 INFO     ___FILE_ONLY___ Cloud Bigtable Command Line Tool                    
2022-03-10 13:42:20,912 INFO     ___FILE_ONLY___  
2022-03-10 13:42:20,912 INFO     ___FILE_ONLY___ │ 
2022-03-10 13:42:20,912 INFO     ___FILE_ONLY___ cbt                     
2022-03-10 13:42:20,912 INFO     ___FILE_ONLY___  
2022-03-10 13:42:20,912 INFO     ___FILE_ONLY___ │ 
2022-03-10 13:42:20,912 INFO     ___FILE_ONLY___  8.5 MiB
2022-03-10 13:42:20,912 INFO     ___FILE_ONLY___  
2022-03-10 13:42:20,912 INFO     ___FILE_ONLY___ │
2022-03-10 13:42:20,912 INFO     ___FILE_ONLY___ 

2022-03-10 13:42:20,912 INFO     ___FILE_ONLY___ │ 
2022-03-10 13:42:20,912 INFO     ___FILE_ONLY___ Not Installed
2022-03-10 13:42:20,912 INFO     ___FILE_ONLY___  
2022-03-10 13:42:20,912 INFO     ___FILE_ONLY___ │ 
2022-03-10 13:42:20,912 INFO     ___FILE_ONLY___ Cloud Bigtable Emulator                             
2022-03-10 13:42:20,912 INFO     ___FILE_ONLY___  
2022-03-10 13:42:20,912 INFO     ___FILE_ONLY___ │ 
2022-03-10 13:42:20,912 INFO     ___FILE_ONLY___ bigtable                
2022-03-10 13:42:20,912 INFO     ___FILE_ONLY___  
2022-03-10 13:42:20,912 INFO     ___FILE_ONLY___ │ 
2022-03-10 13:42:20,912 INFO     ___FILE_ONLY___  6.0 MiB
2022-03-10 13:42:20,912 INFO     ___FILE_ONLY___  
2022-03-10 13:42:20,912 INFO     ___FILE_ONLY___ │
2022-03-10 13:42:20,912 INFO     ___FILE_ONLY___ 

2022-03-10 13:42:20,913 INFO     ___FILE_ONLY___ │ 
2022-03-10 13:42:20,913 INFO     ___FILE_ONLY___ Not Installed
2022-03-10 13:42:20,913 INFO     ___FILE_ONLY___  
2022-03-10 13:42:20,913 INFO     ___FILE_ONLY___ │ 
2022-03-10 13:42:20,913 INFO     ___FILE_ONLY___ Cloud Datalab Command Line Tool                     
2022-03-10 13:42:20,913 INFO     ___FILE_ONLY___  
2022-03-10 13:42:20,913 INFO     ___FILE_ONLY___ │ 
2022-03-10 13:42:20,913 INFO     ___FILE_ONLY___ datalab                 
2022-03-10 13:42:20,913 INFO     ___FILE_ONLY___  
2022-03-10 13:42:20,913 INFO     ___FILE_ONLY___ │ 
2022-03-10 13:42:20,913 INFO     ___FILE_ONLY___  < 1 MiB
2022-03-10 13:42:20,913 INFO     ___FILE_ONLY___  
2022-03-10 13:42:20,913 INFO     ___FILE_ONLY___ │
2022-03-10 13:42:20,913 INFO     ___FILE_ONLY___ 

2022-03-10 13:42:20,913 INFO     ___FILE_ONLY___ │ 
2022-03-10 13:42:20,913 INFO     ___FILE_ONLY___ Not Installed
2022-03-10 13:42:20,913 INFO     ___FILE_ONLY___  
2022-03-10 13:42:20,913 INFO     ___FILE_ONLY___ │ 
2022-03-10 13:42:20,913 INFO     ___FILE_ONLY___ Cloud Datastore Emulator                            
2022-03-10 13:42:20,914 INFO     ___FILE_ONLY___  
2022-03-10 13:42:20,914 INFO     ___FILE_ONLY___ │ 
2022-03-10 13:42:20,914 INFO     ___FILE_ONLY___ cloud-datastore-emulator
2022-03-10 13:42:20,914 INFO     ___FILE_ONLY___  
2022-03-10 13:42:20,914 INFO     ___FILE_ONLY___ │ 
2022-03-10 13:42:20,914 INFO     ___FILE_ONLY___ 18.4 MiB
2022-03-10 13:42:20,914 INFO     ___FILE_ONLY___  
2022-03-10 13:42:20,914 INFO     ___FILE_ONLY___ │
2022-03-10 13:42:20,914 INFO     ___FILE_ONLY___ 

2022-03-10 13:42:20,914 INFO     ___FILE_ONLY___ │ 
2022-03-10 13:42:20,914 INFO     ___FILE_ONLY___ Not Installed
2022-03-10 13:42:20,914 INFO     ___FILE_ONLY___  
2022-03-10 13:42:20,915 INFO     ___FILE_ONLY___ │ 
2022-03-10 13:42:20,915 INFO     ___FILE_ONLY___ Cloud Firestore Emulator                            
2022-03-10 13:42:20,915 INFO     ___FILE_ONLY___  
2022-03-10 13:42:20,915 INFO     ___FILE_ONLY___ │ 
2022-03-10 13:42:20,915 INFO     ___FILE_ONLY___ cloud-firestore-emulator
2022-03-10 13:42:20,915 INFO     ___FILE_ONLY___  
2022-03-10 13:42:20,915 INFO     ___FILE_ONLY___ │ 
2022-03-10 13:42:20,915 INFO     ___FILE_ONLY___ 40.5 MiB
2022-03-10 13:42:20,915 INFO     ___FILE_ONLY___  
2022-03-10 13:42:20,915 INFO     ___FILE_ONLY___ │
2022-03-10 13:42:20,915 INFO     ___FILE_ONLY___ 

2022-03-10 13:42:20,915 INFO     ___FILE_ONLY___ │ 
2022-03-10 13:42:20,915 INFO     ___FILE_ONLY___ Not Installed
2022-03-10 13:42:20,915 INFO     ___FILE_ONLY___  
2022-03-10 13:42:20,916 INFO     ___FILE_ONLY___ │ 
2022-03-10 13:42:20,916 INFO     ___FILE_ONLY___ Cloud Pub/Sub Emulator                              
2022-03-10 13:42:20,916 INFO     ___FILE_ONLY___  
2022-03-10 13:42:20,916 INFO     ___FILE_ONLY___ │ 
2022-03-10 13:42:20,916 INFO     ___FILE_ONLY___ pubsub-emulator         
2022-03-10 13:42:20,916 INFO     ___FILE_ONLY___  
2022-03-10 13:42:20,916 INFO     ___FILE_ONLY___ │ 
2022-03-10 13:42:20,916 INFO     ___FILE_ONLY___ 60.7 MiB
2022-03-10 13:42:20,916 INFO     ___FILE_ONLY___  
2022-03-10 13:42:20,916 INFO     ___FILE_ONLY___ │
2022-03-10 13:42:20,916 INFO     ___FILE_ONLY___ 

2022-03-10 13:42:20,916 INFO     ___FILE_ONLY___ │ 
2022-03-10 13:42:20,917 INFO     ___FILE_ONLY___ Not Installed
2022-03-10 13:42:20,917 INFO     ___FILE_ONLY___  
2022-03-10 13:42:20,917 INFO     ___FILE_ONLY___ │ 
2022-03-10 13:42:20,917 INFO     ___FILE_ONLY___ Cloud SQL Proxy                                     
2022-03-10 13:42:20,917 INFO     ___FILE_ONLY___  
2022-03-10 13:42:20,917 INFO     ___FILE_ONLY___ │ 
2022-03-10 13:42:20,917 INFO     ___FILE_ONLY___ cloud_sql_proxy         
2022-03-10 13:42:20,917 INFO     ___FILE_ONLY___  
2022-03-10 13:42:20,917 INFO     ___FILE_ONLY___ │ 
2022-03-10 13:42:20,917 INFO     ___FILE_ONLY___  7.8 MiB
2022-03-10 13:42:20,917 INFO     ___FILE_ONLY___  
2022-03-10 13:42:20,917 INFO     ___FILE_ONLY___ │
2022-03-10 13:42:20,917 INFO     ___FILE_ONLY___ 

2022-03-10 13:42:20,917 INFO     ___FILE_ONLY___ │ 
2022-03-10 13:42:20,917 INFO     ___FILE_ONLY___ Not Installed
2022-03-10 13:42:20,917 INFO     ___FILE_ONLY___  
2022-03-10 13:42:20,917 INFO     ___FILE_ONLY___ │ 
2022-03-10 13:42:20,918 INFO     ___FILE_ONLY___ Cloud Spanner Emulator                              
2022-03-10 13:42:20,918 INFO     ___FILE_ONLY___  
2022-03-10 13:42:20,918 INFO     ___FILE_ONLY___ │ 
2022-03-10 13:42:20,918 INFO     ___FILE_ONLY___ cloud-spanner-emulator  
2022-03-10 13:42:20,918 INFO     ___FILE_ONLY___  
2022-03-10 13:42:20,918 INFO     ___FILE_ONLY___ │ 
2022-03-10 13:42:20,918 INFO     ___FILE_ONLY___ 27.2 MiB
2022-03-10 13:42:20,918 INFO     ___FILE_ONLY___  
2022-03-10 13:42:20,918 INFO     ___FILE_ONLY___ │
2022-03-10 13:42:20,918 INFO     ___FILE_ONLY___ 

2022-03-10 13:42:20,918 INFO     ___FILE_ONLY___ │ 
2022-03-10 13:42:20,918 INFO     ___FILE_ONLY___ Not Installed
2022-03-10 13:42:20,918 INFO     ___FILE_ONLY___  
2022-03-10 13:42:20,918 INFO     ___FILE_ONLY___ │ 
2022-03-10 13:42:20,919 INFO     ___FILE_ONLY___ Google Cloud Build Local Builder                    
2022-03-10 13:42:20,919 INFO     ___FILE_ONLY___  
2022-03-10 13:42:20,919 INFO     ___FILE_ONLY___ │ 
2022-03-10 13:42:20,919 INFO     ___FILE_ONLY___ cloud-build-local       
2022-03-10 13:42:20,919 INFO     ___FILE_ONLY___  
2022-03-10 13:42:20,919 INFO     ___FILE_ONLY___ │ 
2022-03-10 13:42:20,919 INFO     ___FILE_ONLY___  6.3 MiB
2022-03-10 13:42:20,919 INFO     ___FILE_ONLY___  
2022-03-10 13:42:20,919 INFO     ___FILE_ONLY___ │
2022-03-10 13:42:20,919 INFO     ___FILE_ONLY___ 

2022-03-10 13:42:20,919 INFO     ___FILE_ONLY___ │ 
2022-03-10 13:42:20,919 INFO     ___FILE_ONLY___ Not Installed
2022-03-10 13:42:20,920 INFO     ___FILE_ONLY___  
2022-03-10 13:42:20,920 INFO     ___FILE_ONLY___ │ 
2022-03-10 13:42:20,920 INFO     ___FILE_ONLY___ Google Container Registry's Docker credential helper
2022-03-10 13:42:20,920 INFO     ___FILE_ONLY___  
2022-03-10 13:42:20,920 INFO     ___FILE_ONLY___ │ 
2022-03-10 13:42:20,920 INFO     ___FILE_ONLY___ docker-credential-gcr   
2022-03-10 13:42:20,920 INFO     ___FILE_ONLY___  
2022-03-10 13:42:20,920 INFO     ___FILE_ONLY___ │ 
2022-03-10 13:42:20,920 INFO     ___FILE_ONLY___  1.8 MiB
2022-03-10 13:42:20,920 INFO     ___FILE_ONLY___  
2022-03-10 13:42:20,920 INFO     ___FILE_ONLY___ │
2022-03-10 13:42:20,920 INFO     ___FILE_ONLY___ 

2022-03-10 13:42:20,921 INFO     ___FILE_ONLY___ │ 
2022-03-10 13:42:20,921 INFO     ___FILE_ONLY___ Not Installed
2022-03-10 13:42:20,921 INFO     ___FILE_ONLY___  
2022-03-10 13:42:20,921 INFO     ___FILE_ONLY___ │ 
2022-03-10 13:42:20,921 INFO     ___FILE_ONLY___ Kustomize                                           
2022-03-10 13:42:20,921 INFO     ___FILE_ONLY___  
2022-03-10 13:42:20,921 INFO     ___FILE_ONLY___ │ 
2022-03-10 13:42:20,921 INFO     ___FILE_ONLY___ kustomize               
2022-03-10 13:42:20,921 INFO     ___FILE_ONLY___  
2022-03-10 13:42:20,921 INFO     ___FILE_ONLY___ │ 
2022-03-10 13:42:20,921 INFO     ___FILE_ONLY___  4.3 MiB
2022-03-10 13:42:20,921 INFO     ___FILE_ONLY___  
2022-03-10 13:42:20,921 INFO     ___FILE_ONLY___ │
2022-03-10 13:42:20,921 INFO     ___FILE_ONLY___ 

2022-03-10 13:42:20,921 INFO     ___FILE_ONLY___ │ 
2022-03-10 13:42:20,922 INFO     ___FILE_ONLY___ Not Installed
2022-03-10 13:42:20,922 INFO     ___FILE_ONLY___  
2022-03-10 13:42:20,922 INFO     ___FILE_ONLY___ │ 
2022-03-10 13:42:20,922 INFO     ___FILE_ONLY___ Minikube                                            
2022-03-10 13:42:20,922 INFO     ___FILE_ONLY___  
2022-03-10 13:42:20,922 INFO     ___FILE_ONLY___ │ 
2022-03-10 13:42:20,923 INFO     ___FILE_ONLY___ minikube                
2022-03-10 13:42:20,923 INFO     ___FILE_ONLY___  
2022-03-10 13:42:20,923 INFO     ___FILE_ONLY___ │ 
2022-03-10 13:42:20,923 INFO     ___FILE_ONLY___ 28.2 MiB
2022-03-10 13:42:20,923 INFO     ___FILE_ONLY___  
2022-03-10 13:42:20,923 INFO     ___FILE_ONLY___ │
2022-03-10 13:42:20,923 INFO     ___FILE_ONLY___ 

2022-03-10 13:42:20,923 INFO     ___FILE_ONLY___ │ 
2022-03-10 13:42:20,923 INFO     ___FILE_ONLY___ Not Installed
2022-03-10 13:42:20,923 INFO     ___FILE_ONLY___  
2022-03-10 13:42:20,923 INFO     ___FILE_ONLY___ │ 
2022-03-10 13:42:20,923 INFO     ___FILE_ONLY___ Nomos CLI                                           
2022-03-10 13:42:20,923 INFO     ___FILE_ONLY___  
2022-03-10 13:42:20,923 INFO     ___FILE_ONLY___ │ 
2022-03-10 13:42:20,923 INFO     ___FILE_ONLY___ nomos                   
2022-03-10 13:42:20,923 INFO     ___FILE_ONLY___  
2022-03-10 13:42:20,923 INFO     ___FILE_ONLY___ │ 
2022-03-10 13:42:20,924 INFO     ___FILE_ONLY___ 23.9 MiB
2022-03-10 13:42:20,924 INFO     ___FILE_ONLY___  
2022-03-10 13:42:20,924 INFO     ___FILE_ONLY___ │
2022-03-10 13:42:20,924 INFO     ___FILE_ONLY___ 

2022-03-10 13:42:20,924 INFO     ___FILE_ONLY___ │ 
2022-03-10 13:42:20,924 INFO     ___FILE_ONLY___ Not Installed
2022-03-10 13:42:20,924 INFO     ___FILE_ONLY___  
2022-03-10 13:42:20,924 INFO     ___FILE_ONLY___ │ 
2022-03-10 13:42:20,924 INFO     ___FILE_ONLY___ On-Demand Scanning API extraction helper            
2022-03-10 13:42:20,924 INFO     ___FILE_ONLY___  
2022-03-10 13:42:20,924 INFO     ___FILE_ONLY___ │ 
2022-03-10 13:42:20,924 INFO     ___FILE_ONLY___ local-extract           
2022-03-10 13:42:20,924 INFO     ___FILE_ONLY___  
2022-03-10 13:42:20,924 INFO     ___FILE_ONLY___ │ 
2022-03-10 13:42:20,924 INFO     ___FILE_ONLY___ 14.8 MiB
2022-03-10 13:42:20,924 INFO     ___FILE_ONLY___  
2022-03-10 13:42:20,924 INFO     ___FILE_ONLY___ │
2022-03-10 13:42:20,924 INFO     ___FILE_ONLY___ 

2022-03-10 13:42:20,924 INFO     ___FILE_ONLY___ │ 
2022-03-10 13:42:20,925 INFO     ___FILE_ONLY___ Not Installed
2022-03-10 13:42:20,925 INFO     ___FILE_ONLY___  
2022-03-10 13:42:20,925 INFO     ___FILE_ONLY___ │ 
2022-03-10 13:42:20,925 INFO     ___FILE_ONLY___ Skaffold                                            
2022-03-10 13:42:20,925 INFO     ___FILE_ONLY___  
2022-03-10 13:42:20,925 INFO     ___FILE_ONLY___ │ 
2022-03-10 13:42:20,925 INFO     ___FILE_ONLY___ skaffold                
2022-03-10 13:42:20,925 INFO     ___FILE_ONLY___  
2022-03-10 13:42:20,925 INFO     ___FILE_ONLY___ │ 
2022-03-10 13:42:20,925 INFO     ___FILE_ONLY___ 18.2 MiB
2022-03-10 13:42:20,925 INFO     ___FILE_ONLY___  
2022-03-10 13:42:20,925 INFO     ___FILE_ONLY___ │
2022-03-10 13:42:20,925 INFO     ___FILE_ONLY___ 

2022-03-10 13:42:20,926 INFO     ___FILE_ONLY___ │ 
2022-03-10 13:42:20,926 INFO     ___FILE_ONLY___ Not Installed
2022-03-10 13:42:20,926 INFO     ___FILE_ONLY___  
2022-03-10 13:42:20,926 INFO     ___FILE_ONLY___ │ 
2022-03-10 13:42:20,926 INFO     ___FILE_ONLY___ anthos-auth                                         
2022-03-10 13:42:20,927 INFO     ___FILE_ONLY___  
2022-03-10 13:42:20,927 INFO     ___FILE_ONLY___ │ 
2022-03-10 13:42:20,927 INFO     ___FILE_ONLY___ anthos-auth             
2022-03-10 13:42:20,927 INFO     ___FILE_ONLY___  
2022-03-10 13:42:20,927 INFO     ___FILE_ONLY___ │ 
2022-03-10 13:42:20,927 INFO     ___FILE_ONLY___ 18.2 MiB
2022-03-10 13:42:20,927 INFO     ___FILE_ONLY___  
2022-03-10 13:42:20,927 INFO     ___FILE_ONLY___ │
2022-03-10 13:42:20,927 INFO     ___FILE_ONLY___ 

2022-03-10 13:42:20,927 INFO     ___FILE_ONLY___ │ 
2022-03-10 13:42:20,928 INFO     ___FILE_ONLY___ Not Installed
2022-03-10 13:42:20,928 INFO     ___FILE_ONLY___  
2022-03-10 13:42:20,928 INFO     ___FILE_ONLY___ │ 
2022-03-10 13:42:20,928 INFO     ___FILE_ONLY___ config-connector                                    
2022-03-10 13:42:20,928 INFO     ___FILE_ONLY___  
2022-03-10 13:42:20,928 INFO     ___FILE_ONLY___ │ 
2022-03-10 13:42:20,928 INFO     ___FILE_ONLY___ config-connector        
2022-03-10 13:42:20,928 INFO     ___FILE_ONLY___  
2022-03-10 13:42:20,928 INFO     ___FILE_ONLY___ │ 
2022-03-10 13:42:20,928 INFO     ___FILE_ONLY___ 49.6 MiB
2022-03-10 13:42:20,928 INFO     ___FILE_ONLY___  
2022-03-10 13:42:20,928 INFO     ___FILE_ONLY___ │
2022-03-10 13:42:20,928 INFO     ___FILE_ONLY___ 

2022-03-10 13:42:20,928 INFO     ___FILE_ONLY___ │ 
2022-03-10 13:42:20,929 INFO     ___FILE_ONLY___ Not Installed
2022-03-10 13:42:20,929 INFO     ___FILE_ONLY___  
2022-03-10 13:42:20,929 INFO     ___FILE_ONLY___ │ 
2022-03-10 13:42:20,929 INFO     ___FILE_ONLY___ gcloud Alpha Commands                               
2022-03-10 13:42:20,929 INFO     ___FILE_ONLY___  
2022-03-10 13:42:20,929 INFO     ___FILE_ONLY___ │ 
2022-03-10 13:42:20,929 INFO     ___FILE_ONLY___ alpha                   
2022-03-10 13:42:20,929 INFO     ___FILE_ONLY___  
2022-03-10 13:42:20,929 INFO     ___FILE_ONLY___ │ 
2022-03-10 13:42:20,929 INFO     ___FILE_ONLY___  < 1 MiB
2022-03-10 13:42:20,929 INFO     ___FILE_ONLY___  
2022-03-10 13:42:20,929 INFO     ___FILE_ONLY___ │
2022-03-10 13:42:20,929 INFO     ___FILE_ONLY___ 

2022-03-10 13:42:20,929 INFO     ___FILE_ONLY___ │ 
2022-03-10 13:42:20,929 INFO     ___FILE_ONLY___ Not Installed
2022-03-10 13:42:20,929 INFO     ___FILE_ONLY___  
2022-03-10 13:42:20,930 INFO     ___FILE_ONLY___ │ 
2022-03-10 13:42:20,930 INFO     ___FILE_ONLY___ gcloud Beta Commands                                
2022-03-10 13:42:20,930 INFO     ___FILE_ONLY___  
2022-03-10 13:42:20,930 INFO     ___FILE_ONLY___ │ 
2022-03-10 13:42:20,930 INFO     ___FILE_ONLY___ beta                    
2022-03-10 13:42:20,930 INFO     ___FILE_ONLY___  
2022-03-10 13:42:20,930 INFO     ___FILE_ONLY___ │ 
2022-03-10 13:42:20,930 INFO     ___FILE_ONLY___  < 1 MiB
2022-03-10 13:42:20,930 INFO     ___FILE_ONLY___  
2022-03-10 13:42:20,930 INFO     ___FILE_ONLY___ │
2022-03-10 13:42:20,930 INFO     ___FILE_ONLY___ 

2022-03-10 13:42:20,930 INFO     ___FILE_ONLY___ │ 
2022-03-10 13:42:20,930 INFO     ___FILE_ONLY___ Not Installed
2022-03-10 13:42:20,931 INFO     ___FILE_ONLY___  
2022-03-10 13:42:20,931 INFO     ___FILE_ONLY___ │ 
2022-03-10 13:42:20,931 INFO     ___FILE_ONLY___ gcloud app Java Extensions                          
2022-03-10 13:42:20,931 INFO     ___FILE_ONLY___  
2022-03-10 13:42:20,931 INFO     ___FILE_ONLY___ │ 
2022-03-10 13:42:20,931 INFO     ___FILE_ONLY___ app-engine-java         
2022-03-10 13:42:20,931 INFO     ___FILE_ONLY___  
2022-03-10 13:42:20,931 INFO     ___FILE_ONLY___ │ 
2022-03-10 13:42:20,931 INFO     ___FILE_ONLY___ 51.8 MiB
2022-03-10 13:42:20,931 INFO     ___FILE_ONLY___  
2022-03-10 13:42:20,931 INFO     ___FILE_ONLY___ │
2022-03-10 13:42:20,931 INFO     ___FILE_ONLY___ 

2022-03-10 13:42:20,931 INFO     ___FILE_ONLY___ │ 
2022-03-10 13:42:20,931 INFO     ___FILE_ONLY___ Not Installed
2022-03-10 13:42:20,931 INFO     ___FILE_ONLY___  
2022-03-10 13:42:20,931 INFO     ___FILE_ONLY___ │ 
2022-03-10 13:42:20,931 INFO     ___FILE_ONLY___ gcloud app Python Extensions                        
2022-03-10 13:42:20,931 INFO     ___FILE_ONLY___  
2022-03-10 13:42:20,931 INFO     ___FILE_ONLY___ │ 
2022-03-10 13:42:20,932 INFO     ___FILE_ONLY___ app-engine-python       
2022-03-10 13:42:20,932 INFO     ___FILE_ONLY___  
2022-03-10 13:42:20,932 INFO     ___FILE_ONLY___ │ 
2022-03-10 13:42:20,932 INFO     ___FILE_ONLY___  7.8 MiB
2022-03-10 13:42:20,932 INFO     ___FILE_ONLY___  
2022-03-10 13:42:20,932 INFO     ___FILE_ONLY___ │
2022-03-10 13:42:20,932 INFO     ___FILE_ONLY___ 

2022-03-10 13:42:20,932 INFO     ___FILE_ONLY___ │ 
2022-03-10 13:42:20,932 INFO     ___FILE_ONLY___ Not Installed
2022-03-10 13:42:20,932 INFO     ___FILE_ONLY___  
2022-03-10 13:42:20,932 INFO     ___FILE_ONLY___ │ 
2022-03-10 13:42:20,932 INFO     ___FILE_ONLY___ gcloud app Python Extensions (Extra Libraries)      
2022-03-10 13:42:20,932 INFO     ___FILE_ONLY___  
2022-03-10 13:42:20,932 INFO     ___FILE_ONLY___ │ 
2022-03-10 13:42:20,932 INFO     ___FILE_ONLY___ app-engine-python-extras
2022-03-10 13:42:20,932 INFO     ___FILE_ONLY___  
2022-03-10 13:42:20,932 INFO     ___FILE_ONLY___ │ 
2022-03-10 13:42:20,933 INFO     ___FILE_ONLY___ 26.4 MiB
2022-03-10 13:42:20,933 INFO     ___FILE_ONLY___  
2022-03-10 13:42:20,933 INFO     ___FILE_ONLY___ │
2022-03-10 13:42:20,933 INFO     ___FILE_ONLY___ 

2022-03-10 13:42:20,933 INFO     ___FILE_ONLY___ │ 
2022-03-10 13:42:20,933 INFO     ___FILE_ONLY___ Not Installed
2022-03-10 13:42:20,933 INFO     ___FILE_ONLY___  
2022-03-10 13:42:20,933 INFO     ___FILE_ONLY___ │ 
2022-03-10 13:42:20,933 INFO     ___FILE_ONLY___ kpt                                                 
2022-03-10 13:42:20,933 INFO     ___FILE_ONLY___  
2022-03-10 13:42:20,933 INFO     ___FILE_ONLY___ │ 
2022-03-10 13:42:20,933 INFO     ___FILE_ONLY___ kpt                     
2022-03-10 13:42:20,933 INFO     ___FILE_ONLY___  
2022-03-10 13:42:20,933 INFO     ___FILE_ONLY___ │ 
2022-03-10 13:42:20,933 INFO     ___FILE_ONLY___ 11.6 MiB
2022-03-10 13:42:20,933 INFO     ___FILE_ONLY___  
2022-03-10 13:42:20,933 INFO     ___FILE_ONLY___ │
2022-03-10 13:42:20,934 INFO     ___FILE_ONLY___ 

2022-03-10 13:42:20,934 INFO     ___FILE_ONLY___ │ 
2022-03-10 13:42:20,934 INFO     ___FILE_ONLY___ Not Installed
2022-03-10 13:42:20,934 INFO     ___FILE_ONLY___  
2022-03-10 13:42:20,934 INFO     ___FILE_ONLY___ │ 
2022-03-10 13:42:20,934 INFO     ___FILE_ONLY___ kubectl                                             
2022-03-10 13:42:20,934 INFO     ___FILE_ONLY___  
2022-03-10 13:42:20,934 INFO     ___FILE_ONLY___ │ 
2022-03-10 13:42:20,934 INFO     ___FILE_ONLY___ kubectl                 
2022-03-10 13:42:20,935 INFO     ___FILE_ONLY___  
2022-03-10 13:42:20,935 INFO     ___FILE_ONLY___ │ 
2022-03-10 13:42:20,935 INFO     ___FILE_ONLY___  < 1 MiB
2022-03-10 13:42:20,935 INFO     ___FILE_ONLY___  
2022-03-10 13:42:20,935 INFO     ___FILE_ONLY___ │
2022-03-10 13:42:20,935 INFO     ___FILE_ONLY___ 

2022-03-10 13:42:20,935 INFO     ___FILE_ONLY___ │ 
2022-03-10 13:42:20,935 INFO     ___FILE_ONLY___ Not Installed
2022-03-10 13:42:20,935 INFO     ___FILE_ONLY___  
2022-03-10 13:42:20,935 INFO     ___FILE_ONLY___ │ 
2022-03-10 13:42:20,935 INFO     ___FILE_ONLY___ kubectl-oidc                                        
2022-03-10 13:42:20,935 INFO     ___FILE_ONLY___  
2022-03-10 13:42:20,936 INFO     ___FILE_ONLY___ │ 
2022-03-10 13:42:20,936 INFO     ___FILE_ONLY___ kubectl-oidc            
2022-03-10 13:42:20,936 INFO     ___FILE_ONLY___  
2022-03-10 13:42:20,936 INFO     ___FILE_ONLY___ │ 
2022-03-10 13:42:20,936 INFO     ___FILE_ONLY___ 18.2 MiB
2022-03-10 13:42:20,936 INFO     ___FILE_ONLY___  
2022-03-10 13:42:20,936 INFO     ___FILE_ONLY___ │
2022-03-10 13:42:20,936 INFO     ___FILE_ONLY___ 

2022-03-10 13:42:20,936 INFO     ___FILE_ONLY___ │ 
2022-03-10 13:42:20,936 INFO     ___FILE_ONLY___ Not Installed
2022-03-10 13:42:20,936 INFO     ___FILE_ONLY___  
2022-03-10 13:42:20,936 INFO     ___FILE_ONLY___ │ 
2022-03-10 13:42:20,936 INFO     ___FILE_ONLY___ pkg                                                 
2022-03-10 13:42:20,936 INFO     ___FILE_ONLY___  
2022-03-10 13:42:20,936 INFO     ___FILE_ONLY___ │ 
2022-03-10 13:42:20,936 INFO     ___FILE_ONLY___ pkg                     
2022-03-10 13:42:20,936 INFO     ___FILE_ONLY___  
2022-03-10 13:42:20,936 INFO     ___FILE_ONLY___ │ 
2022-03-10 13:42:20,936 INFO     ___FILE_ONLY___         
2022-03-10 13:42:20,936 INFO     ___FILE_ONLY___  
2022-03-10 13:42:20,937 INFO     ___FILE_ONLY___ │
2022-03-10 13:42:20,937 INFO     ___FILE_ONLY___ 

2022-03-10 13:42:20,937 INFO     ___FILE_ONLY___ │ 
2022-03-10 13:42:20,937 INFO     ___FILE_ONLY___ Installed    
2022-03-10 13:42:20,937 INFO     ___FILE_ONLY___  
2022-03-10 13:42:20,937 INFO     ___FILE_ONLY___ │ 
2022-03-10 13:42:20,937 INFO     ___FILE_ONLY___ BigQuery Command Line Tool                          
2022-03-10 13:42:20,937 INFO     ___FILE_ONLY___  
2022-03-10 13:42:20,937 INFO     ___FILE_ONLY___ │ 
2022-03-10 13:42:20,937 INFO     ___FILE_ONLY___ bq                      
2022-03-10 13:42:20,937 INFO     ___FILE_ONLY___  
2022-03-10 13:42:20,937 INFO     ___FILE_ONLY___ │ 
2022-03-10 13:42:20,937 INFO     ___FILE_ONLY___  1.0 MiB
2022-03-10 13:42:20,937 INFO     ___FILE_ONLY___  
2022-03-10 13:42:20,937 INFO     ___FILE_ONLY___ │
2022-03-10 13:42:20,938 INFO     ___FILE_ONLY___ 

2022-03-10 13:42:20,938 INFO     ___FILE_ONLY___ │ 
2022-03-10 13:42:20,939 INFO     ___FILE_ONLY___ Installed    
2022-03-10 13:42:20,939 INFO     ___FILE_ONLY___  
2022-03-10 13:42:20,939 INFO     ___FILE_ONLY___ │ 
2022-03-10 13:42:20,939 INFO     ___FILE_ONLY___ Cloud Storage Command Line Tool                     
2022-03-10 13:42:20,939 INFO     ___FILE_ONLY___  
2022-03-10 13:42:20,940 INFO     ___FILE_ONLY___ │ 
2022-03-10 13:42:20,940 INFO     ___FILE_ONLY___ gsutil                  
2022-03-10 13:42:20,940 INFO     ___FILE_ONLY___  
2022-03-10 13:42:20,940 INFO     ___FILE_ONLY___ │ 
2022-03-10 13:42:20,940 INFO     ___FILE_ONLY___  8.1 MiB
2022-03-10 13:42:20,940 INFO     ___FILE_ONLY___  
2022-03-10 13:42:20,940 INFO     ___FILE_ONLY___ │
2022-03-10 13:42:20,940 INFO     ___FILE_ONLY___ 

2022-03-10 13:42:20,940 INFO     ___FILE_ONLY___ │ 
2022-03-10 13:42:20,940 INFO     ___FILE_ONLY___ Installed    
2022-03-10 13:42:20,940 INFO     ___FILE_ONLY___  
2022-03-10 13:42:20,940 INFO     ___FILE_ONLY___ │ 
2022-03-10 13:42:20,940 INFO     ___FILE_ONLY___ Google Cloud CLI Core Libraries                     
2022-03-10 13:42:20,940 INFO     ___FILE_ONLY___  
2022-03-10 13:42:20,940 INFO     ___FILE_ONLY___ │ 
2022-03-10 13:42:20,940 INFO     ___FILE_ONLY___ core                    
2022-03-10 13:42:20,940 INFO     ___FILE_ONLY___  
2022-03-10 13:42:20,940 INFO     ___FILE_ONLY___ │ 
2022-03-10 13:42:20,940 INFO     ___FILE_ONLY___ 22.4 MiB
2022-03-10 13:42:20,941 INFO     ___FILE_ONLY___  
2022-03-10 13:42:20,941 INFO     ___FILE_ONLY___ │
2022-03-10 13:42:20,941 INFO     ___FILE_ONLY___ 

2022-03-10 13:42:20,941 INFO     ___FILE_ONLY___ └───────────────┴──────────────────────────────────────────────────────┴──────────────────────────┴──────────┘
2022-03-10 13:42:20,941 INFO     ___FILE_ONLY___ 

2022-03-10 13:42:20,941 INFO     ___FILE_ONLY___ To install or remove components at your current SDK version [376.0.0], run:
  $ gcloud components install COMPONENT_ID
  $ gcloud components remove COMPONENT_ID

To update your SDK installation to the latest version [376.0.0], run:
  $ gcloud components update


